an.zhang@adelaide.edu.au
yu_zhang@bigpond.com.au
Jasmine_Archer@msn.com
Corey_Blackburn@adelaide.edu.au
Osvaldo_Adams@163.com
Amari_Long@tpg.com.au
Aniya_Murphy@tpg.com.au
Keegan_Pope@qq.com
Sandra.Nelson@yahoo.com
Barbara_Gallegos@flinders.edu.au
Ayden_McLean@outlook.com
Jaycob_Malone@outlook.com
Rihanna.Huffman@hotmail.com
Messiah_Dickey@msn.com
Sage_North@unisa.edu.au
Jaylah.Phillips@unisa.edu.au
Gavyn.Urquhart@sohu.com
Naomi_Aguirre@dodo.com.au
Esther.Myrick@flinders.edu.au
Sofie_Hays@sohu.com
Corey_Keene@adelaide.edu.au
Kash_Sims@sina.com
Raelynn_Day@sina.com
Mustafa.Ayers@flinders.edu.au
Bentley_Hoffman@qq.com
Ace.Aguirre@sina.com
Kylee_Gillespie@msn.com
Maxwell_Sullivan@dodo.com.au
Conrad_Browne@aol.com
Carmelo.Cameron@qq.com
Kaitlynn_Hoffman@aol.com
Giancarlo.Frost@dodo.com.au
Dwayne.Todd@msn.com
Natasha.Campbell@msn.com
Marlee.Duckworth@msn.com
Adalyn.Blair@hotmail.com
Jonah.Kirk@yahoo.com
Toby_Schwartz@hotmail.com
Keenan.Shoemaker@hotmail.com
Kimberly_Thorpe@live.com
Claudia_Bain@msn.com
Rodney_Ross@hotmail.com
Kolton_Cardenas@hotmail.com
Zachary_Mitchell@outlook.com
Jay_Hutchinson@hotmail.com
Kian_Figueroa@hotmail.com
Keegan_Joyce@gmail.com
